02/19/2022 8:12:03 AM	 MESSAGE: The process cannot access the file '00afaa64-18d7-47e1-87d8-63e5ed544c16.tmp' because it is being used by another process.Last Performed Operation: Delete of File #:3-00afaa64-18d7-47e1-87d8-63e5ed544c16.tmp Size :0 MB
02/19/2022 8:12:03 AM	 MESSAGE: The process cannot access the file '1e70cc79-6164-4259-8151-639146b5bd90.tmp' because it is being used by another process.Last Performed Operation: Delete of File #:4-1e70cc79-6164-4259-8151-639146b5bd90.tmp Size :0 KB
02/19/2022 8:12:03 AM	 MESSAGE: The process cannot access the file '2872c235-ace8-48a0-a7da-93bd5ef656c4.tmp' because it is being used by another process.Last Performed Operation: Delete of File #:8-2872c235-ace8-48a0-a7da-93bd5ef656c4.tmp Size :0 MB
02/19/2022 8:12:03 AM	 MESSAGE: The process cannot access the file '93ec1e0c-e1fe-4561-980e-f172638a9b79.tmp' because it is being used by another process.Last Performed Operation: Delete of File #:10-93ec1e0c-e1fe-4561-980e-f172638a9b79.tmp Size :0 MB
02/19/2022 8:12:03 AM	 MESSAGE: The process cannot access the file '9c34cc68-bb79-435c-ac71-1522c6b379c9.tmp' because it is being used by another process.Last Performed Operation: Delete of File #:11-9c34cc68-bb79-435c-ac71-1522c6b379c9.tmp Size :0 MB
02/19/2022 8:12:03 AM	 MESSAGE: The process cannot access the file 'd29e2581-192e-41ce-930f-348b2bb0d11a.tmp' because it is being used by another process.Last Performed Operation: Delete of File #:16-d29e2581-192e-41ce-930f-348b2bb0d11a.tmp Size :0 MB
02/19/2022 8:12:03 AM	 MESSAGE: The process cannot access the file 'da08052a-ddc4-4d7d-b4b5-1511d6052577.tmp' because it is being used by another process.Last Performed Operation: Delete of File #:17-da08052a-ddc4-4d7d-b4b5-1511d6052577.tmp Size :0 MB
02/19/2022 8:12:19 AM	 MESSAGE: Attempted to perform an unauthorized operation.Last Performed Operation: Delete of Folder #:236-7BAA2904-189C-47FF-9713-39B7209ACD49 Size :0 MB
02/19/2022 8:12:20 AM	 MESSAGE: Attempted to perform an unauthorized operation.Last Performed Operation: Delete of Folder #:237-9920AF9C-F6BD-43D6-A97E-12B7FABECD44 Size :0 MB
02/19/2022 8:12:20 AM	 MESSAGE: Attempted to perform an unauthorized operation.Last Performed Operation: Delete of Folder #:238-9920AF9C-F6BD-43D6-A97E-12B7FABECD44.scratch Size :0 KB
02/19/2022 8:12:23 AM	 MESSAGE: Attempted to perform an unauthorized operation.Last Performed Operation: Delete of Folder #:253-B0D8886F-0A6C-4373-95D2-FA3D37C64B3E Size :0 MB
02/19/2022 8:12:24 AM	 MESSAGE: Attempted to perform an unauthorized operation.Last Performed Operation: Delete of Folder #:276-EB3CC688-113F-4975-B3BA-A6FC7662188E Size :0 MB
02/19/2022 8:12:24 AM	 MESSAGE: Attempted to perform an unauthorized operation.Last Performed Operation: Delete of Folder #:277-EB3CC688-113F-4975-B3BA-A6FC7662188E.scratch Size :0 KB
02/19/2022 8:12:24 AM	 MESSAGE: Attempted to perform an unauthorized operation.Last Performed Operation: Delete of Folder #:282-FB47FA98-AC72-48AC-9C61-E806F9F38F40 Size :0 MB
02/19/2022 8:12:24 AM	 MESSAGE: Attempted to perform an unauthorized operation.Last Performed Operation: Delete of Folder #:284-FB47FA98-AC72-48AC-9C61-E806F9F38F40.scratch Size :0 KB
02/19/2022 8:12:24 AM	 MESSAGE: Attempted to perform an unauthorized operation.Last Performed Operation: Delete of Folder #:285-FD2E3F94-5CC3-4EE5-9E62-F02BA3AC22D3 Size :0 MB
02/19/2022 8:12:39 AM	 MESSAGE: The process cannot access the file 'EA0CEB3D-AadAccountProviderService-17148-ahxcyt0h-1.log' because it is being used by another process.Last Performed Operation: Delete of Folder #:532-servicehub Size :0 KB
02/19/2022 8:12:40 AM	 MESSAGE: The process cannot access the file 'VS7533F6E2.GitProvider.GitRepositoryManager.1.1.BrokeredClient.svclog' because it is being used by another process.Last Performed Operation: Delete of Folder #:570-VSLogs Size :0 MB
02/19/2022 8:12:40 AM	 MESSAGE: The process cannot access the file '4d6af205715a4b5fa5395386779afca57176.edb' because it is being used by another process.Last Performed Operation: Delete of Folder #:572-VSTelem Size :0 KB
02/19/2022 8:12:40 AM	 MESSAGE: Attempted to perform an unauthorized operation.Last Performed Operation: Delete of Folder #:596-{6AB4CA37-3BFE-44A3-AAEC-A3E0D472C4F4} Size :0 MB
02/19/2022 8:13:01 AM	 MESSAGE: The process cannot access the file '00afaa64-18d7-47e1-87d8-63e5ed544c16.tmp' because it is being used by another process.Last Performed Operation: Delete of File #:1-00afaa64-18d7-47e1-87d8-63e5ed544c16.tmp Size :0 MB
02/19/2022 8:13:01 AM	 MESSAGE: The process cannot access the file '1e70cc79-6164-4259-8151-639146b5bd90.tmp' because it is being used by another process.Last Performed Operation: Delete of File #:2-1e70cc79-6164-4259-8151-639146b5bd90.tmp Size :0 KB
02/19/2022 8:13:01 AM	 MESSAGE: The process cannot access the file '2872c235-ace8-48a0-a7da-93bd5ef656c4.tmp' because it is being used by another process.Last Performed Operation: Delete of File #:3-2872c235-ace8-48a0-a7da-93bd5ef656c4.tmp Size :0 MB
02/19/2022 8:13:01 AM	 MESSAGE: The process cannot access the file '93ec1e0c-e1fe-4561-980e-f172638a9b79.tmp' because it is being used by another process.Last Performed Operation: Delete of File #:4-93ec1e0c-e1fe-4561-980e-f172638a9b79.tmp Size :0 MB
02/19/2022 8:13:01 AM	 MESSAGE: The process cannot access the file '9c34cc68-bb79-435c-ac71-1522c6b379c9.tmp' because it is being used by another process.Last Performed Operation: Delete of File #:5-9c34cc68-bb79-435c-ac71-1522c6b379c9.tmp Size :0 MB
02/19/2022 8:13:01 AM	 MESSAGE: The process cannot access the file 'd29e2581-192e-41ce-930f-348b2bb0d11a.tmp' because it is being used by another process.Last Performed Operation: Delete of File #:6-d29e2581-192e-41ce-930f-348b2bb0d11a.tmp Size :0 MB
02/19/2022 8:13:01 AM	 MESSAGE: The process cannot access the file 'da08052a-ddc4-4d7d-b4b5-1511d6052577.tmp' because it is being used by another process.Last Performed Operation: Delete of File #:7-da08052a-ddc4-4d7d-b4b5-1511d6052577.tmp Size :0 MB
02/19/2022 8:13:01 AM	 MESSAGE: Attempted to perform an unauthorized operation.Last Performed Operation: Delete of Folder #:8-7BAA2904-189C-47FF-9713-39B7209ACD49 Size :0 MB
02/19/2022 8:13:01 AM	 MESSAGE: Attempted to perform an unauthorized operation.Last Performed Operation: Delete of Folder #:9-9920AF9C-F6BD-43D6-A97E-12B7FABECD44 Size :0 MB
02/19/2022 8:13:01 AM	 MESSAGE: Attempted to perform an unauthorized operation.Last Performed Operation: Delete of Folder #:10-9920AF9C-F6BD-43D6-A97E-12B7FABECD44.scratch Size :0 KB
02/19/2022 8:13:01 AM	 MESSAGE: Attempted to perform an unauthorized operation.Last Performed Operation: Delete of Folder #:11-B0D8886F-0A6C-4373-95D2-FA3D37C64B3E Size :0 MB
02/19/2022 8:13:01 AM	 MESSAGE: Attempted to perform an unauthorized operation.Last Performed Operation: Delete of Folder #:12-EB3CC688-113F-4975-B3BA-A6FC7662188E Size :0 MB
02/19/2022 8:13:01 AM	 MESSAGE: Attempted to perform an unauthorized operation.Last Performed Operation: Delete of Folder #:13-EB3CC688-113F-4975-B3BA-A6FC7662188E.scratch Size :0 KB
02/19/2022 8:13:01 AM	 MESSAGE: Attempted to perform an unauthorized operation.Last Performed Operation: Delete of Folder #:14-FB47FA98-AC72-48AC-9C61-E806F9F38F40 Size :0 MB
02/19/2022 8:13:01 AM	 MESSAGE: Attempted to perform an unauthorized operation.Last Performed Operation: Delete of Folder #:15-FB47FA98-AC72-48AC-9C61-E806F9F38F40.scratch Size :0 KB
02/19/2022 8:13:01 AM	 MESSAGE: Attempted to perform an unauthorized operation.Last Performed Operation: Delete of Folder #:16-FD2E3F94-5CC3-4EE5-9E62-F02BA3AC22D3 Size :0 MB
02/19/2022 8:13:01 AM	 MESSAGE: The process cannot access the file 'EA0CEB3D-AadAccountProviderService-17148-ahxcyt0h-1.log' because it is being used by another process.Last Performed Operation: Delete of Folder #:17-servicehub Size :0 KB
02/19/2022 8:13:01 AM	 MESSAGE: The process cannot access the file 'VS7533F6E2.GitProvider.GitRepositoryManager.1.1.BrokeredClient.svclog' because it is being used by another process.Last Performed Operation: Delete of Folder #:18-VSLogs Size :0 MB
02/19/2022 8:13:01 AM	 MESSAGE: The process cannot access the file '4d6af205715a4b5fa5395386779afca57176.edb' because it is being used by another process.Last Performed Operation: Delete of Folder #:19-VSTelem Size :0 KB
02/19/2022 8:13:01 AM	 MESSAGE: Attempted to perform an unauthorized operation.Last Performed Operation: Delete of Folder #:20-{6AB4CA37-3BFE-44A3-AAEC-A3E0D472C4F4} Size :0 MB
